Analysis & Synthesis report for p1_001
Wed Apr 23 23:08:24 2025
Quartus Prime Version 24.1std.0 Build 1077 03/04/2025 SC Lite Edition


---------------------
; Table of Contents ;
---------------------
  1. Legal Notice
  2. Analysis & Synthesis Summary
  3. Analysis & Synthesis Settings
  4. Parallel Compilation
  5. Analysis & Synthesis Source Files Read
  6. Analysis & Synthesis Resource Usage Summary
  7. Analysis & Synthesis Resource Utilization by Entity
  8. General Register Statistics
  9. Parameter Settings for User Entity Instance: fsm_coprocessador:fsm
 10. Port Connectivity Checks: "alu_matriz:alu"
 11. Port Connectivity Checks: "fsm_coprocessador:fsm"
 12. Port Connectivity Checks: "decodificador_instrucao:decoder"
 13. Post-Synthesis Netlist Statistics for Top Partition
 14. Elapsed Time Per Partition
 15. Analysis & Synthesis Messages



----------------
; Legal Notice ;
----------------
Copyright (C) 2025  Altera Corporation. All rights reserved.
Your use of Altera Corporation's design tools, logic functions 
and other software and tools, and any partner logic 
functions, and any output files from any of the foregoing 
(including device programming or simulation files), and any 
associated documentation or information are expressly subject 
to the terms and conditions of the Altera Program License 
Subscription Agreement, the Altera Quartus Prime License Agreement,
the Altera IP License Agreement, or other applicable license
agreement, including, without limitation, that your use is for
the sole purpose of programming logic devices manufactured by
Altera and sold by Altera or its authorized distributors.  Please
refer to the Altera Software License Subscription Agreements 
on the Quartus Prime software download page.



+-----------------------------------------------------------------------------------+
; Analysis & Synthesis Summary                                                      ;
+---------------------------------+-------------------------------------------------+
; Analysis & Synthesis Status     ; Successful - Wed Apr 23 23:08:24 2025           ;
; Quartus Prime Version           ; 24.1std.0 Build 1077 03/04/2025 SC Lite Edition ;
; Revision Name                   ; p1_001                                          ;
; Top-level Entity Name           ; coprocessador_matriz                            ;
; Family                          ; Cyclone V                                       ;
; Logic utilization (in ALMs)     ; N/A                                             ;
; Total registers                 ; 0                                               ;
; Total pins                      ; 31                                              ;
; Total virtual pins              ; 0                                               ;
; Total block memory bits         ; 0                                               ;
; Total DSP Blocks                ; 0                                               ;
; Total HSSI RX PCSs              ; 0                                               ;
; Total HSSI PMA RX Deserializers ; 0                                               ;
; Total HSSI TX PCSs              ; 0                                               ;
; Total HSSI PMA TX Serializers   ; 0                                               ;
; Total PLLs                      ; 0                                               ;
; Total DLLs                      ; 0                                               ;
+---------------------------------+-------------------------------------------------+


+-----------------------------------------------------------------------------------------------------------------------------+
; Analysis & Synthesis Settings                                                                                               ;
+---------------------------------------------------------------------------------+----------------------+--------------------+
; Option                                                                          ; Setting              ; Default Value      ;
+---------------------------------------------------------------------------------+----------------------+--------------------+
; Device                                                                          ; 5CSEMA5F31C6         ;                    ;
; Top-level entity name                                                           ; coprocessador_matriz ; p1_001             ;
; Family name                                                                     ; Cyclone V            ; Cyclone V          ;
; Use smart compilation                                                           ; Off                  ; Off                ;
; Enable parallel Assembler and Timing Analyzer during compilation                ; On                   ; On                 ;
; Enable compact report table                                                     ; Off                  ; Off                ;
; Restructure Multiplexers                                                        ; Auto                 ; Auto               ;
; MLAB Add Timing Constraints For Mixed-Port Feed-Through Mode Setting Don't Care ; Off                  ; Off                ;
; Create Debugging Nodes for IP Cores                                             ; Off                  ; Off                ;
; Preserve fewer node names                                                       ; On                   ; On                 ;
; Intel FPGA IP Evaluation Mode                                                   ; Enable               ; Enable             ;
; Verilog Version                                                                 ; Verilog_2001         ; Verilog_2001       ;
; VHDL Version                                                                    ; VHDL_1993            ; VHDL_1993          ;
; State Machine Processing                                                        ; Auto                 ; Auto               ;
; Safe State Machine                                                              ; Off                  ; Off                ;
; Extract Verilog State Machines                                                  ; On                   ; On                 ;
; Extract VHDL State Machines                                                     ; On                   ; On                 ;
; Ignore Verilog initial constructs                                               ; Off                  ; Off                ;
; Iteration limit for constant Verilog loops                                      ; 5000                 ; 5000               ;
; Iteration limit for non-constant Verilog loops                                  ; 250                  ; 250                ;
; Add Pass-Through Logic to Inferred RAMs                                         ; On                   ; On                 ;
; Infer RAMs from Raw Logic                                                       ; On                   ; On                 ;
; Parallel Synthesis                                                              ; On                   ; On                 ;
; DSP Block Balancing                                                             ; Auto                 ; Auto               ;
; NOT Gate Push-Back                                                              ; On                   ; On                 ;
; Power-Up Don't Care                                                             ; On                   ; On                 ;
; Remove Redundant Logic Cells                                                    ; Off                  ; Off                ;
; Remove Duplicate Registers                                                      ; On                   ; On                 ;
; Ignore CARRY Buffers                                                            ; Off                  ; Off                ;
; Ignore CASCADE Buffers                                                          ; Off                  ; Off                ;
; Ignore GLOBAL Buffers                                                           ; Off                  ; Off                ;
; Ignore ROW GLOBAL Buffers                                                       ; Off                  ; Off                ;
; Ignore LCELL Buffers                                                            ; Off                  ; Off                ;
; Ignore SOFT Buffers                                                             ; On                   ; On                 ;
; Limit AHDL Integers to 32 Bits                                                  ; Off                  ; Off                ;
; Optimization Technique                                                          ; Balanced             ; Balanced           ;
; Carry Chain Length                                                              ; 70                   ; 70                 ;
; Auto Carry Chains                                                               ; On                   ; On                 ;
; Auto Open-Drain Pins                                                            ; On                   ; On                 ;
; Perform WYSIWYG Primitive Resynthesis                                           ; Off                  ; Off                ;
; Auto ROM Replacement                                                            ; On                   ; On                 ;
; Auto RAM Replacement                                                            ; On                   ; On                 ;
; Auto DSP Block Replacement                                                      ; On                   ; On                 ;
; Auto Shift Register Replacement                                                 ; Auto                 ; Auto               ;
; Allow Shift Register Merging across Hierarchies                                 ; Auto                 ; Auto               ;
; Auto Clock Enable Replacement                                                   ; On                   ; On                 ;
; Strict RAM Replacement                                                          ; Off                  ; Off                ;
; Allow Synchronous Control Signals                                               ; On                   ; On                 ;
; Force Use of Synchronous Clear Signals                                          ; Off                  ; Off                ;
; Auto Resource Sharing                                                           ; Off                  ; Off                ;
; Allow Any RAM Size For Recognition                                              ; Off                  ; Off                ;
; Allow Any ROM Size For Recognition                                              ; Off                  ; Off                ;
; Allow Any Shift Register Size For Recognition                                   ; Off                  ; Off                ;
; Use LogicLock Constraints during Resource Balancing                             ; On                   ; On                 ;
; Ignore translate_off and synthesis_off directives                               ; Off                  ; Off                ;
; Timing-Driven Synthesis                                                         ; On                   ; On                 ;
; Report Parameter Settings                                                       ; On                   ; On                 ;
; Report Source Assignments                                                       ; On                   ; On                 ;
; Report Connectivity Checks                                                      ; On                   ; On                 ;
; Ignore Maximum Fan-Out Assignments                                              ; Off                  ; Off                ;
; Synchronization Register Chain Length                                           ; 3                    ; 3                  ;
; Power Optimization During Synthesis                                             ; Normal compilation   ; Normal compilation ;
; HDL message level                                                               ; Level2               ; Level2             ;
; Suppress Register Optimization Related Messages                                 ; Off                  ; Off                ;
; Number of Removed Registers Reported in Synthesis Report                        ; 5000                 ; 5000               ;
; Number of Swept Nodes Reported in Synthesis Report                              ; 5000                 ; 5000               ;
; Number of Inverted Registers Reported in Synthesis Report                       ; 100                  ; 100                ;
; Clock MUX Protection                                                            ; On                   ; On                 ;
; Auto Gated Clock Conversion                                                     ; Off                  ; Off                ;
; Block Design Naming                                                             ; Auto                 ; Auto               ;
; SDC constraint protection                                                       ; Off                  ; Off                ;
; Synthesis Effort                                                                ; Auto                 ; Auto               ;
; Shift Register Replacement - Allow Asynchronous Clear Signal                    ; On                   ; On                 ;
; Pre-Mapping Resynthesis Optimization                                            ; Off                  ; Off                ;
; Analysis & Synthesis Message Level                                              ; Medium               ; Medium             ;
; Disable Register Merging Across Hierarchies                                     ; Auto                 ; Auto               ;
; Resource Aware Inference For Block RAM                                          ; On                   ; On                 ;
; Automatic Parallel Synthesis                                                    ; On                   ; On                 ;
; Partial Reconfiguration Bitstream ID                                            ; Off                  ; Off                ;
+---------------------------------------------------------------------------------+----------------------+--------------------+


+------------------------------------------+
; Parallel Compilation                     ;
+----------------------------+-------------+
; Processors                 ; Number      ;
+----------------------------+-------------+
; Number detected on machine ; 4           ;
; Maximum allowed            ; 2           ;
;                            ;             ;
; Average used               ; 1.00        ;
; Maximum used               ; 1           ;
;                            ;             ;
; Usage by Processor         ; % Time Used ;
;     Processor 1            ; 100.0%      ;
+----------------------------+-------------+


+---------------------------------------------------------------------------------------------------------------------------------------------------------------------+
; Analysis & Synthesis Source Files Read                                                                                                                              ;
+----------------------------------+-----------------+------------------------+-----------------------------------------------------------------------------+---------+
; File Name with User-Entered Path ; Used in Netlist ; File Type              ; File Name with Absolute Path                                                ; Library ;
+----------------------------------+-----------------+------------------------+-----------------------------------------------------------------------------+---------+
; decodificador_instrucao.v        ; yes             ; User Verilog HDL File  ; C:/Users/dhoml/OneDrive/Documentos/Quartus/p1_001/decodificador_instrucao.v ;         ;
; memoria_matrizes.v               ; yes             ; User Verilog HDL File  ; C:/Users/dhoml/OneDrive/Documentos/Quartus/p1_001/memoria_matrizes.v        ;         ;
; alu_matriz.v                     ; yes             ; User Verilog HDL File  ; C:/Users/dhoml/OneDrive/Documentos/Quartus/p1_001/alu_matriz.v              ;         ;
; fsm_coprocessador.v              ; yes             ; User Verilog HDL File  ; C:/Users/dhoml/OneDrive/Documentos/Quartus/p1_001/fsm_coprocessador.v       ;         ;
; coprocessador_matriz.v           ; yes             ; User Verilog HDL File  ; C:/Users/dhoml/OneDrive/Documentos/Quartus/p1_001/coprocessador_matriz.v    ;         ;
+----------------------------------+-----------------+------------------------+-----------------------------------------------------------------------------+---------+


+-----------------------------------------------------+
; Analysis & Synthesis Resource Usage Summary         ;
+---------------------------------------------+-------+
; Resource                                    ; Usage ;
+---------------------------------------------+-------+
; Estimate of Logic utilization (ALMs needed) ; 0     ;
;                                             ;       ;
; Combinational ALUT usage for logic          ; 0     ;
;     -- 7 input functions                    ; 0     ;
;     -- 6 input functions                    ; 0     ;
;     -- 5 input functions                    ; 0     ;
;     -- 4 input functions                    ; 0     ;
;     -- <=3 input functions                  ; 0     ;
;                                             ;       ;
; Dedicated logic registers                   ; 0     ;
;                                             ;       ;
; I/O pins                                    ; 31    ;
;                                             ;       ;
; Total DSP Blocks                            ; 0     ;
;                                             ;       ;
; Maximum fan-out node                        ; clk   ;
; Maximum fan-out                             ; 1     ;
; Total fan-out                               ; 31    ;
; Average fan-out                             ; 0.50  ;
+---------------------------------------------+-------+


+---------------------------------------------------------------------------------------------------------------------------------------------------------------------------------------------------+
; Analysis & Synthesis Resource Utilization by Entity                                                                                                                                               ;
+----------------------------+---------------------+---------------------------+-------------------+------------+------+--------------+-----------------------+----------------------+--------------+
; Compilation Hierarchy Node ; Combinational ALUTs ; Dedicated Logic Registers ; Block Memory Bits ; DSP Blocks ; Pins ; Virtual Pins ; Full Hierarchy Name   ; Entity Name          ; Library Name ;
+----------------------------+---------------------+---------------------------+-------------------+------------+------+--------------+-----------------------+----------------------+--------------+
; |coprocessador_matriz      ; 0 (0)               ; 0 (0)                     ; 0                 ; 0          ; 31   ; 0            ; |coprocessador_matriz ; coprocessador_matriz ; work         ;
+----------------------------+---------------------+---------------------------+-------------------+------------+------+--------------+-----------------------+----------------------+--------------+
Note: For table entries with two numbers listed, the numbers in parentheses indicate the number of resources of the given type used by the specific entity alone. The numbers listed outside of parentheses indicate the total resources of the given type used by the specific entity and all of its sub-entities in the hierarchy.


+------------------------------------------------------+
; General Register Statistics                          ;
+----------------------------------------------+-------+
; Statistic                                    ; Value ;
+----------------------------------------------+-------+
; Total registers                              ; 0     ;
; Number of registers using Synchronous Clear  ; 0     ;
; Number of registers using Synchronous Load   ; 0     ;
; Number of registers using Asynchronous Clear ; 0     ;
; Number of registers using Asynchronous Load  ; 0     ;
; Number of registers using Clock Enable       ; 0     ;
; Number of registers using Preset             ; 0     ;
+----------------------------------------------+-------+


+--------------------------------------------------------------------+
; Parameter Settings for User Entity Instance: fsm_coprocessador:fsm ;
+----------------+-------+-------------------------------------------+
; Parameter Name ; Value ; Type                                      ;
+----------------+-------+-------------------------------------------+
; IDLE           ; 000   ; Unsigned Binary                           ;
; WRITE_MEM      ; 001   ; Unsigned Binary                           ;
; READ_MEM       ; 010   ; Unsigned Binary                           ;
; EXEC_CALC      ; 011   ; Unsigned Binary                           ;
; WAIT_CALC      ; 100   ; Unsigned Binary                           ;
; WRITE_RES      ; 101   ; Unsigned Binary                           ;
; FIM            ; 110   ; Unsigned Binary                           ;
+----------------+-------+-------------------------------------------+
Note: In order to hide this table in the UI and the text report file, please set the "Show Parameter Settings in Synthesis Report" option in "Analysis and Synthesis Settings -> More Settings" to "Off".


+---------------------------------------------------------------------------------------------------------------------+
; Port Connectivity Checks: "alu_matriz:alu"                                                                          ;
+-----------+--------+----------+-------------------------------------------------------------------------------------+
; Port      ; Type   ; Severity ; Details                                                                             ;
+-----------+--------+----------+-------------------------------------------------------------------------------------+
; resultado ; Output ; Info     ; Connected to dangling logic. Logic that only feeds a dangling port will be removed. ;
; done      ; Output ; Info     ; Explicitly unconnected                                                              ;
+-----------+--------+----------+-------------------------------------------------------------------------------------+


+---------------------------------------------------------------------------------------------------------------------------------------+
; Port Connectivity Checks: "fsm_coprocessador:fsm"                                                                                     ;
+--------+--------+----------+----------------------------------------------------------------------------------------------------------+
; Port   ; Type   ; Severity ; Details                                                                                                  ;
+--------+--------+----------+----------------------------------------------------------------------------------------------------------+
; estado ; Output ; Warning  ; Declared by entity but not connected by instance. Logic that only feeds a dangling port will be removed. ;
+--------+--------+----------+----------------------------------------------------------------------------------------------------------+


+--------------------------------------------------------------------------------------------------------------------------------------------------------------------------------------+
; Port Connectivity Checks: "decodificador_instrucao:decoder"                                                                                                                          ;
+-----------+-------+----------+-------------------------------------------------------------------------------------------------------------------------------------------------------+
; Port      ; Type  ; Severity ; Details                                                                                                                                               ;
+-----------+-------+----------+-------------------------------------------------------------------------------------------------------------------------------------------------------+
; instrucao ; Input ; Warning  ; Input port expression (28 bits) is smaller than the input port (32 bits) it drives.  Extra input bit(s) "instrucao[31..28]" will be connected to GND. ;
+-----------+-------+----------+-------------------------------------------------------------------------------------------------------------------------------------------------------+


+-----------------------------------------------------+
; Post-Synthesis Netlist Statistics for Top Partition ;
+-------------------+---------------------------------+
; Type              ; Count                           ;
+-------------------+---------------------------------+
; boundary_port     ; 31                              ;
;                   ;                                 ;
; Max LUT depth     ; 0.00                            ;
; Average LUT depth ; 0.00                            ;
+-------------------+---------------------------------+


+-------------------------------+
; Elapsed Time Per Partition    ;
+----------------+--------------+
; Partition Name ; Elapsed Time ;
+----------------+--------------+
; Top            ; 00:00:01     ;
+----------------+--------------+


+-------------------------------+
; Analysis & Synthesis Messages ;
+-------------------------------+
Info: *******************************************************************
Info: Running Quartus Prime Analysis & Synthesis
    Info: Version 24.1std.0 Build 1077 03/04/2025 SC Lite Edition
    Info: Processing started: Wed Apr 23 23:08:05 2025
Info: Command: quartus_map --read_settings_files=on --write_settings_files=off p1_001 -c p1_001
Warning (18236): Number of processors has not been specified which may cause overloading on shared machines.  Set the global assignment NUM_PARALLEL_PROCESSORS in your QSF to an appropriate value for best performance.
Info (20030): Parallel compilation is enabled and will use 2 of the 2 processors detected
Info (12021): Found 1 design units, including 1 entities, in source file decodificador_instrucao.v
    Info (12023): Found entity 1: decodificador_instrucao File: C:/Users/dhoml/OneDrive/Documentos/Quartus/p1_001/decodificador_instrucao.v Line: 1
Info (12021): Found 1 design units, including 1 entities, in source file memoria_matrizes.v
    Info (12023): Found entity 1: memoria_matrizes File: C:/Users/dhoml/OneDrive/Documentos/Quartus/p1_001/memoria_matrizes.v Line: 1
Info (12021): Found 1 design units, including 1 entities, in source file alu_matriz.v
    Info (12023): Found entity 1: alu_matriz File: C:/Users/dhoml/OneDrive/Documentos/Quartus/p1_001/alu_matriz.v Line: 2
Info (12021): Found 1 design units, including 1 entities, in source file fsm_coprocessador.v
    Info (12023): Found entity 1: fsm_coprocessador File: C:/Users/dhoml/OneDrive/Documentos/Quartus/p1_001/fsm_coprocessador.v Line: 2
Info (12021): Found 1 design units, including 1 entities, in source file coprocessador_matriz.v
    Info (12023): Found entity 1: coprocessador_matriz File: C:/Users/dhoml/OneDrive/Documentos/Quartus/p1_001/coprocessador_matriz.v Line: 2
Info (12127): Elaborating entity "coprocessador_matriz" for the top level hierarchy
Info (12128): Elaborating entity "decodificador_instrucao" for hierarchy "decodificador_instrucao:decoder" File: C:/Users/dhoml/OneDrive/Documentos/Quartus/p1_001/coprocessador_matriz.v Line: 29
Info (12128): Elaborating entity "fsm_coprocessador" for hierarchy "fsm_coprocessador:fsm" File: C:/Users/dhoml/OneDrive/Documentos/Quartus/p1_001/coprocessador_matriz.v Line: 42
Warning (10270): Verilog HDL Case Statement warning at fsm_coprocessador.v(45): incomplete case statement has no default case item File: C:/Users/dhoml/OneDrive/Documentos/Quartus/p1_001/fsm_coprocessador.v Line: 45
Info (12128): Elaborating entity "memoria_matrizes" for hierarchy "memoria_matrizes:memoria" File: C:/Users/dhoml/OneDrive/Documentos/Quartus/p1_001/coprocessador_matriz.v Line: 55
Warning (10230): Verilog HDL assignment warning at memoria_matrizes.v(18): truncated value with size 32 to match size of target (5) File: C:/Users/dhoml/OneDrive/Documentos/Quartus/p1_001/memoria_matrizes.v Line: 18
Info (12128): Elaborating entity "alu_matriz" for hierarchy "alu_matriz:alu" File: C:/Users/dhoml/OneDrive/Documentos/Quartus/p1_001/coprocessador_matriz.v Line: 68
Warning (12241): 2 hierarchies have connectivity warnings - see the Connectivity Checks report folder
Info (16010): Generating hard_block partition "hard_block:auto_generated_inst"
    Info (16011): Adding 0 node(s), including 0 DDIO, 0 PLL, 0 transceiver and 0 LCELL
Warning (21074): Design contains 31 input pin(s) that do not drive logic
    Warning (15610): No output dependent on input pin "clk" File: C:/Users/dhoml/OneDrive/Documentos/Quartus/p1_001/coprocessador_matriz.v Line: 3
    Warning (15610): No output dependent on input pin "reset" File: C:/Users/dhoml/OneDrive/Documentos/Quartus/p1_001/coprocessador_matriz.v Line: 4
    Warning (15610): No output dependent on input pin "instrucao[0]" File: C:/Users/dhoml/OneDrive/Documentos/Quartus/p1_001/coprocessador_matriz.v Line: 5
    Warning (15610): No output dependent on input pin "instrucao[1]" File: C:/Users/dhoml/OneDrive/Documentos/Quartus/p1_001/coprocessador_matriz.v Line: 5
    Warning (15610): No output dependent on input pin "instrucao[2]" File: C:/Users/dhoml/OneDrive/Documentos/Quartus/p1_001/coprocessador_matriz.v Line: 5
    Warning (15610): No output dependent on input pin "instrucao[3]" File: C:/Users/dhoml/OneDrive/Documentos/Quartus/p1_001/coprocessador_matriz.v Line: 5
    Warning (15610): No output dependent on input pin "instrucao[4]" File: C:/Users/dhoml/OneDrive/Documentos/Quartus/p1_001/coprocessador_matriz.v Line: 5
    Warning (15610): No output dependent on input pin "instrucao[5]" File: C:/Users/dhoml/OneDrive/Documentos/Quartus/p1_001/coprocessador_matriz.v Line: 5
    Warning (15610): No output dependent on input pin "instrucao[6]" File: C:/Users/dhoml/OneDrive/Documentos/Quartus/p1_001/coprocessador_matriz.v Line: 5
    Warning (15610): No output dependent on input pin "instrucao[7]" File: C:/Users/dhoml/OneDrive/Documentos/Quartus/p1_001/coprocessador_matriz.v Line: 5
    Warning (15610): No output dependent on input pin "instrucao[8]" File: C:/Users/dhoml/OneDrive/Documentos/Quartus/p1_001/coprocessador_matriz.v Line: 5
    Warning (15610): No output dependent on input pin "instrucao[9]" File: C:/Users/dhoml/OneDrive/Documentos/Quartus/p1_001/coprocessador_matriz.v Line: 5
    Warning (15610): No output dependent on input pin "instrucao[10]" File: C:/Users/dhoml/OneDrive/Documentos/Quartus/p1_001/coprocessador_matriz.v Line: 5
    Warning (15610): No output dependent on input pin "instrucao[11]" File: C:/Users/dhoml/OneDrive/Documentos/Quartus/p1_001/coprocessador_matriz.v Line: 5
    Warning (15610): No output dependent on input pin "instrucao[12]" File: C:/Users/dhoml/OneDrive/Documentos/Quartus/p1_001/coprocessador_matriz.v Line: 5
    Warning (15610): No output dependent on input pin "instrucao[13]" File: C:/Users/dhoml/OneDrive/Documentos/Quartus/p1_001/coprocessador_matriz.v Line: 5
    Warning (15610): No output dependent on input pin "instrucao[14]" File: C:/Users/dhoml/OneDrive/Documentos/Quartus/p1_001/coprocessador_matriz.v Line: 5
    Warning (15610): No output dependent on input pin "instrucao[15]" File: C:/Users/dhoml/OneDrive/Documentos/Quartus/p1_001/coprocessador_matriz.v Line: 5
    Warning (15610): No output dependent on input pin "instrucao[16]" File: C:/Users/dhoml/OneDrive/Documentos/Quartus/p1_001/coprocessador_matriz.v Line: 5
    Warning (15610): No output dependent on input pin "instrucao[17]" File: C:/Users/dhoml/OneDrive/Documentos/Quartus/p1_001/coprocessador_matriz.v Line: 5
    Warning (15610): No output dependent on input pin "instrucao[18]" File: C:/Users/dhoml/OneDrive/Documentos/Quartus/p1_001/coprocessador_matriz.v Line: 5
    Warning (15610): No output dependent on input pin "instrucao[19]" File: C:/Users/dhoml/OneDrive/Documentos/Quartus/p1_001/coprocessador_matriz.v Line: 5
    Warning (15610): No output dependent on input pin "instrucao[20]" File: C:/Users/dhoml/OneDrive/Documentos/Quartus/p1_001/coprocessador_matriz.v Line: 5
    Warning (15610): No output dependent on input pin "instrucao[21]" File: C:/Users/dhoml/OneDrive/Documentos/Quartus/p1_001/coprocessador_matriz.v Line: 5
    Warning (15610): No output dependent on input pin "instrucao[22]" File: C:/Users/dhoml/OneDrive/Documentos/Quartus/p1_001/coprocessador_matriz.v Line: 5
    Warning (15610): No output dependent on input pin "instrucao[23]" File: C:/Users/dhoml/OneDrive/Documentos/Quartus/p1_001/coprocessador_matriz.v Line: 5
    Warning (15610): No output dependent on input pin "instrucao[24]" File: C:/Users/dhoml/OneDrive/Documentos/Quartus/p1_001/coprocessador_matriz.v Line: 5
    Warning (15610): No output dependent on input pin "instrucao[25]" File: C:/Users/dhoml/OneDrive/Documentos/Quartus/p1_001/coprocessador_matriz.v Line: 5
    Warning (15610): No output dependent on input pin "instrucao[26]" File: C:/Users/dhoml/OneDrive/Documentos/Quartus/p1_001/coprocessador_matriz.v Line: 5
    Warning (15610): No output dependent on input pin "instrucao[27]" File: C:/Users/dhoml/OneDrive/Documentos/Quartus/p1_001/coprocessador_matriz.v Line: 5
    Warning (15610): No output dependent on input pin "start_instr" File: C:/Users/dhoml/OneDrive/Documentos/Quartus/p1_001/coprocessador_matriz.v Line: 7
Info (21057): Implemented 31 device resources after synthesis - the final resource count might be different
    Info (21058): Implemented 31 input pins
    Info (21059): Implemented 0 output pins
Info: Quartus Prime Analysis & Synthesis was successful. 0 errors, 36 warnings
    Info: Peak virtual memory: 4820 megabytes
    Info: Processing ended: Wed Apr 23 23:08:24 2025
    Info: Elapsed time: 00:00:19
    Info: Total CPU time (on all processors): 00:00:25


